# JRE version: OpenJDK Runtime Environment (Zulu 8.52.0.23-CA-win64) (8.0_282-b08) (build 1.8.0_282-b08)
# Java VM: OpenJDK 64-Bit Server VM (25.282-b08 mixed mode windows-amd64 compressed oops)
Heap:
 PSYoungGen      total 164864K, used 159321K [0x00000000d5580000, 0x00000000e1f80000, 0x0000000100000000)
  eden space 161280K, 96% used [0x00000000d5580000,0x00000000dedf1970,0x00000000df300000)
  from space 3584K, 89% used [0x00000000e1c00000,0x00000000e1f24aa8,0x00000000e1f80000)
  to   space 7168K, 0% used [0x00000000e1180000,0x00000000e1180000,0x00000000e1880000)
 ParOldGen       total 34304K, used 9790K [0x0000000080000000, 0x0000000082180000, 0x00000000d5580000)
  object space 34304K, 28% used [0x0000000080000000,0x000000008098f8d0,0x0000000082180000)
 Metaspace       used 26973K, capacity 27396K, committed 27776K, reserved 1073152K
  class space    used 3177K, capacity 3333K, committed 3456K, reserved 1048576K
GC Heap History (10 events):
Event: 11.845 GC heap before
{Heap before GC invocations=7 (full 0):
 PSYoungGen      total 66048K, used 64278K [0x00000000d5580000, 0x00000000d9a80000, 0x0000000100000000)
  eden space 61440K, 100% used [0x00000000d5580000,0x00000000d9180000,0x00000000d9180000)
  from space 4608K, 61% used [0x00000000d9600000,0x00000000d98c5b18,0x00000000d9a80000)
  to   space 4608K, 0% used [0x00000000d9180000,0x00000000d9180000,0x00000000d9600000)
 ParOldGen       total 40960K, used 4057K [0x0000000080000000, 0x0000000082800000, 0x00000000d5580000)
  object space 40960K, 9% used [0x0000000080000000,0x00000000803f6748,0x0000000082800000)
 Metaspace       used 15220K, capacity 15404K, committed 15488K, reserved 1062912K
  class space    used 1558K, capacity 1641K, committed 1664K, reserved 1048576K
Event: 11.882 GC heap after
Heap after GC invocations=7 (full 0):
 PSYoungGen      total 66048K, used 4584K [0x00000000d5580000, 0x00000000dda80000, 0x0000000100000000)
  eden space 61440K, 0% used [0x00000000d5580000,0x00000000d5580000,0x00000000d9180000)
  from space 4608K, 99% used [0x00000000d9180000,0x00000000d95fa1c0,0x00000000d9600000)
  to   space 6656K, 0% used [0x00000000dd400000,0x00000000dd400000,0x00000000dda80000)
 ParOldGen       total 40960K, used 6492K [0x0000000080000000, 0x0000000082800000, 0x00000000d5580000)
  object space 40960K, 15% used [0x0000000080000000,0x0000000080657110,0x0000000082800000)
 Metaspace       used 15220K, capacity 15404K, committed 15488K, reserved 1062912K
  class space    used 1558K, capacity 1641K, committed 1664K, reserved 1048576K
}
Event: 15.427 GC heap before
{Heap before GC invocations=8 (full 0):
 PSYoungGen      total 66048K, used 66024K [0x00000000d5580000, 0x00000000dda80000, 0x0000000100000000)
  eden space 61440K, 100% used [0x00000000d5580000,0x00000000d9180000,0x00000000d9180000)
  from space 4608K, 99% used [0x00000000d9180000,0x00000000d95fa1c0,0x00000000d9600000)
  to   space 6656K, 0% used [0x00000000dd400000,0x00000000dd400000,0x00000000dda80000)
 ParOldGen       total 40960K, used 6492K [0x0000000080000000, 0x0000000082800000, 0x00000000d5580000)
  object space 40960K, 15% used [0x0000000080000000,0x0000000080657110,0x0000000082800000)
 Metaspace       used 19807K, capacity 20074K, committed 20352K, reserved 1067008K
  class space    used 2187K, capacity 2306K, committed 2432K, reserved 1048576K
Event: 15.551 GC heap after
Heap after GC invocations=8 (full 0):
 PSYoungGen      total 129024K, used 6379K [0x00000000d5580000, 0x00000000ddb80000, 0x0000000100000000)
  eden space 122368K, 0% used [0x00000000d5580000,0x00000000d5580000,0x00000000dcd00000)
  from space 6656K, 95% used [0x00000000dd400000,0x00000000dda3ae10,0x00000000dda80000)
  to   space 7168K, 0% used [0x00000000dcd00000,0x00000000dcd00000,0x00000000dd400000)
 ParOldGen       total 40960K, used 7676K [0x0000000080000000, 0x0000000082800000, 0x00000000d5580000)
  object space 40960K, 18% used [0x0000000080000000,0x000000008077f120,0x0000000082800000)
 Metaspace       used 19807K, capacity 20074K, committed 20352K, reserved 1067008K
  class space    used 2187K, capacity 2306K, committed 2432K, reserved 1048576K
}
Event: 16.411 GC heap before
{Heap before GC invocations=9 (full 0):
 PSYoungGen      total 129024K, used 33280K [0x00000000d5580000, 0x00000000ddb80000, 0x0000000100000000)
  eden space 122368K, 21% used [0x00000000d5580000,0x00000000d6fc5470,0x00000000dcd00000)
  from space 6656K, 95% used [0x00000000dd400000,0x00000000dda3ae10,0x00000000dda80000)
  to   space 7168K, 0% used [0x00000000dcd00000,0x00000000dcd00000,0x00000000dd400000)
 ParOldGen       total 40960K, used 7676K [0x0000000080000000, 0x0000000082800000, 0x00000000d5580000)
  object space 40960K, 18% used [0x0000000080000000,0x000000008077f120,0x0000000082800000)
 Metaspace       used 20852K, capacity 21136K, committed 21296K, reserved 1069056K
  class space    used 2302K, capacity 2425K, committed 2432K, reserved 1048576K
Event: 16.427 GC heap after
Heap after GC invocations=9 (full 0):
 PSYoungGen      total 129536K, used 4889K [0x00000000d5580000, 0x00000000e2300000, 0x0000000100000000)
  eden space 122368K, 0% used [0x00000000d5580000,0x00000000d5580000,0x00000000dcd00000)
  from space 7168K, 68% used [0x00000000dcd00000,0x00000000dd1c6438,0x00000000dd400000)
  to   space 7168K, 0% used [0x00000000e1c00000,0x00000000e1c00000,0x00000000e2300000)
 ParOldGen       total 40960K, used 8180K [0x0000000080000000, 0x0000000082800000, 0x00000000d5580000)
  object space 40960K, 19% used [0x0000000080000000,0x00000000807fd200,0x0000000082800000)
 Metaspace       used 20852K, capacity 21136K, committed 21296K, reserved 1069056K
  class space    used 2302K, capacity 2425K, committed 2432K, reserved 1048576K
}
Event: 16.427 GC heap before
{Heap before GC invocations=10 (full 1):
 PSYoungGen      total 129536K, used 4889K [0x00000000d5580000, 0x00000000e2300000, 0x0000000100000000)
  eden space 122368K, 0% used [0x00000000d5580000,0x00000000d5580000,0x00000000dcd00000)
  from space 7168K, 68% used [0x00000000dcd00000,0x00000000dd1c6438,0x00000000dd400000)
  to   space 7168K, 0% used [0x00000000e1c00000,0x00000000e1c00000,0x00000000e2300000)
 ParOldGen       total 40960K, used 8180K [0x0000000080000000, 0x0000000082800000, 0x00000000d5580000)
  object space 40960K, 19% used [0x0000000080000000,0x00000000807fd200,0x0000000082800000)
 Metaspace       used 20852K, capacity 21136K, committed 21296K, reserved 1069056K
  class space    used 2302K, capacity 2425K, committed 2432K, reserved 1048576K
Event: 16.653 GC heap after
Heap after GC invocations=10 (full 1):
 PSYoungGen      total 129536K, used 0K [0x00000000d5580000, 0x00000000e2300000, 0x0000000100000000)
  eden space 122368K, 0% used [0x00000000d5580000,0x00000000d5580000,0x00000000dcd00000)
  from space 7168K, 0% used [0x00000000dcd00000,0x00000000dcd00000,0x00000000dd400000)
  to   space 7168K, 0% used [0x00000000e1c00000,0x00000000e1c00000,0x00000000e2300000)
 ParOldGen       total 34304K, used 9782K [0x0000000080000000, 0x0000000082180000, 0x00000000d5580000)
  object space 34304K, 28% used [0x0000000080000000,0x000000008098d8d0,0x0000000082180000)
 Metaspace       used 20852K, capacity 21136K, committed 21296K, reserved 1069056K
  class space    used 2302K, capacity 2425K, committed 2432K, reserved 1048576K
}
Event: 20.603 GC heap before
{Heap before GC invocations=11 (full 1):
 PSYoungGen      total 129536K, used 122368K [0x00000000d5580000, 0x00000000e2300000, 0x0000000100000000)
  eden space 122368K, 100% used [0x00000000d5580000,0x00000000dcd00000,0x00000000dcd00000)
  from space 7168K, 0% used [0x00000000dcd00000,0x00000000dcd00000,0x00000000dd400000)
  to   space 7168K, 0% used [0x00000000e1c00000,0x00000000e1c00000,0x00000000e2300000)
 ParOldGen       total 34304K, used 9782K [0x0000000080000000, 0x0000000082180000, 0x00000000d5580000)
  object space 34304K, 28% used [0x0000000080000000,0x000000008098d8d0,0x0000000082180000)
 Metaspace       used 22355K, capacity 22720K, committed 23088K, reserved 1069056K
  class space    used 2450K, capacity 2582K, committed 2688K, reserved 1048576K
Event: 20.611 GC heap after
Heap after GC invocations=11 (full 1):
 PSYoungGen      total 164864K, used 3218K [0x00000000d5580000, 0x00000000e1f80000, 0x0000000100000000)
  eden space 161280K, 0% used [0x00000000d5580000,0x00000000d5580000,0x00000000df300000)
  from space 3584K, 89% used [0x00000000e1c00000,0x00000000e1f24aa8,0x00000000e1f80000)
  to   space 7168K, 0% used [0x00000000e1180000,0x00000000e1180000,0x00000000e1880000)
 ParOldGen       total 34304K, used 9790K [0x0000000080000000, 0x0000000082180000, 0x00000000d5580000)
  object space 34304K, 28% used [0x0000000080000000,0x000000008098f8d0,0x0000000082180000)
 Metaspace       used 22355K, capacity 22720K, committed 23088K, reserved 1069056K
  class space    used 2450K, capacity 2582K, committed 2688K, reserved 1048576K
}

