# JRE version: OpenJDK Runtime Environment (Zulu 8.52.0.23-CA-win64) (8.0_282-b08) (build 1.8.0_282-b08)
# Java VM: OpenJDK 64-Bit Server VM (25.282-b08 mixed mode windows-amd64 compressed oops)
Heap:
 PSYoungGen      total 167424K, used 25816K [0x00000000d5580000, 0x00000000e1f00000, 0x0000000100000000)
  eden space 160256K, 11% used [0x00000000d5580000,0x00000000d67b8a40,0x00000000df200000)
  from space 7168K, 99% used [0x00000000e1100000,0x00000000e17fd990,0x00000000e1800000)
  to   space 3072K, 0% used [0x00000000e1c00000,0x00000000e1c00000,0x00000000e1f00000)
 ParOldGen       total 34816K, used 17030K [0x0000000080000000, 0x0000000082200000, 0x00000000d5580000)
  object space 34816K, 48% used [0x0000000080000000,0x00000000810a1ba8,0x0000000082200000)
 Metaspace       used 30416K, capacity 31310K, committed 31616K, reserved 1077248K
  class space    used 3612K, capacity 3870K, committed 3968K, reserved 1048576K
GC Heap History (10 events):
Event: 4.404 GC heap before
{Heap before GC invocations=8 (full 0):
 PSYoungGen      total 66048K, used 66046K [0x00000000d5580000, 0x00000000dda80000, 0x0000000100000000)
  eden space 61440K, 100% used [0x00000000d5580000,0x00000000d9180000,0x00000000d9180000)
  from space 4608K, 99% used [0x00000000d9180000,0x00000000d95ff820,0x00000000d9600000)
  to   space 6656K, 0% used [0x00000000dd400000,0x00000000dd400000,0x00000000dda80000)
 ParOldGen       total 40960K, used 6452K [0x0000000080000000, 0x0000000082800000, 0x00000000d5580000)
  object space 40960K, 15% used [0x0000000080000000,0x000000008064d088,0x0000000082800000)
 Metaspace       used 19948K, capacity 20248K, committed 20608K, reserved 1067008K
  class space    used 2208K, capacity 2321K, committed 2432K, reserved 1048576K
Event: 4.414 GC heap after
Heap after GC invocations=8 (full 0):
 PSYoungGen      total 129024K, used 6530K [0x00000000d5580000, 0x00000000ddb80000, 0x0000000100000000)
  eden space 122368K, 0% used [0x00000000d5580000,0x00000000d5580000,0x00000000dcd00000)
  from space 6656K, 98% used [0x00000000dd400000,0x00000000dda60810,0x00000000dda80000)
  to   space 7168K, 0% used [0x00000000dcd00000,0x00000000dcd00000,0x00000000dd400000)
 ParOldGen       total 40960K, used 7588K [0x0000000080000000, 0x0000000082800000, 0x00000000d5580000)
  object space 40960K, 18% used [0x0000000080000000,0x0000000080769098,0x0000000082800000)
 Metaspace       used 19948K, capacity 20248K, committed 20608K, reserved 1067008K
  class space    used 2208K, capacity 2321K, committed 2432K, reserved 1048576K
}
Event: 4.697 GC heap before
{Heap before GC invocations=9 (full 0):
 PSYoungGen      total 129024K, used 16347K [0x00000000d5580000, 0x00000000ddb80000, 0x0000000100000000)
  eden space 122368K, 8% used [0x00000000d5580000,0x00000000d5f167a8,0x00000000dcd00000)
  from space 6656K, 98% used [0x00000000dd400000,0x00000000dda60810,0x00000000dda80000)
  to   space 7168K, 0% used [0x00000000dcd00000,0x00000000dcd00000,0x00000000dd400000)
 ParOldGen       total 40960K, used 7588K [0x0000000080000000, 0x0000000082800000, 0x00000000d5580000)
  object space 40960K, 18% used [0x0000000080000000,0x0000000080769098,0x0000000082800000)
 Metaspace       used 20808K, capacity 21078K, committed 21296K, reserved 1069056K
  class space    used 2310K, capacity 2425K, committed 2432K, reserved 1048576K
Event: 4.703 GC heap after
Heap after GC invocations=9 (full 0):
 PSYoungGen      total 129536K, used 4876K [0x00000000d5580000, 0x00000000e2300000, 0x0000000100000000)
  eden space 122368K, 0% used [0x00000000d5580000,0x00000000d5580000,0x00000000dcd00000)
  from space 7168K, 68% used [0x00000000dcd00000,0x00000000dd1c3320,0x00000000dd400000)
  to   space 7168K, 0% used [0x00000000e1c00000,0x00000000e1c00000,0x00000000e2300000)
 ParOldGen       total 40960K, used 8220K [0x0000000080000000, 0x0000000082800000, 0x00000000d5580000)
  object space 40960K, 20% used [0x0000000080000000,0x00000000808071b8,0x0000000082800000)
 Metaspace       used 20808K, capacity 21078K, committed 21296K, reserved 1069056K
  class space    used 2310K, capacity 2425K, committed 2432K, reserved 1048576K
}
Event: 4.703 GC heap before
{Heap before GC invocations=10 (full 1):
 PSYoungGen      total 129536K, used 4876K [0x00000000d5580000, 0x00000000e2300000, 0x0000000100000000)
  eden space 122368K, 0% used [0x00000000d5580000,0x00000000d5580000,0x00000000dcd00000)
  from space 7168K, 68% used [0x00000000dcd00000,0x00000000dd1c3320,0x00000000dd400000)
  to   space 7168K, 0% used [0x00000000e1c00000,0x00000000e1c00000,0x00000000e2300000)
 ParOldGen       total 40960K, used 8220K [0x0000000080000000, 0x0000000082800000, 0x00000000d5580000)
  object space 40960K, 20% used [0x0000000080000000,0x00000000808071b8,0x0000000082800000)
 Metaspace       used 20808K, capacity 21078K, committed 21296K, reserved 1069056K
  class space    used 2310K, capacity 2425K, committed 2432K, reserved 1048576K
Event: 4.759 GC heap after
Heap after GC invocations=10 (full 1):
 PSYoungGen      total 129536K, used 0K [0x00000000d5580000, 0x00000000e2300000, 0x0000000100000000)
  eden space 122368K, 0% used [0x00000000d5580000,0x00000000d5580000,0x00000000dcd00000)
  from space 7168K, 0% used [0x00000000dcd00000,0x00000000dcd00000,0x00000000dd400000)
  to   space 7168K, 0% used [0x00000000e1c00000,0x00000000e1c00000,0x00000000e2300000)
 ParOldGen       total 34816K, used 9833K [0x0000000080000000, 0x0000000082200000, 0x00000000d5580000)
  object space 34816K, 28% used [0x0000000080000000,0x000000008099a738,0x0000000082200000)
 Metaspace       used 20808K, capacity 21078K, committed 21296K, reserved 1069056K
  class space    used 2310K, capacity 2425K, committed 2432K, reserved 1048576K
}
Event: 5.745 GC heap before
{Heap before GC invocations=11 (full 1):
 PSYoungGen      total 129536K, used 122368K [0x00000000d5580000, 0x00000000e2300000, 0x0000000100000000)
  eden space 122368K, 100% used [0x00000000d5580000,0x00000000dcd00000,0x00000000dcd00000)
  from space 7168K, 0% used [0x00000000dcd00000,0x00000000dcd00000,0x00000000dd400000)
  to   space 7168K, 0% used [0x00000000e1c00000,0x00000000e1c00000,0x00000000e2300000)
 ParOldGen       total 34816K, used 9833K [0x0000000080000000, 0x0000000082200000, 0x00000000d5580000)
  object space 34816K, 28% used [0x0000000080000000,0x000000008099a738,0x0000000082200000)
 Metaspace       used 22114K, capacity 22462K, committed 22704K, reserved 1069056K
  class space    used 2419K, capacity 2542K, committed 2560K, reserved 1048576K
Event: 5.750 GC heap after
Heap after GC invocations=11 (full 1):
 PSYoungGen      total 163328K, used 2609K [0x00000000d5580000, 0x00000000e1f00000, 0x0000000100000000)
  eden space 160256K, 0% used [0x00000000d5580000,0x00000000d5580000,0x00000000df200000)
  from space 3072K, 84% used [0x00000000e1c00000,0x00000000e1e8c730,0x00000000e1f00000)
  to   space 7168K, 0% used [0x00000000e1100000,0x00000000e1100000,0x00000000e1800000)
 ParOldGen       total 34816K, used 9833K [0x0000000080000000, 0x0000000082200000, 0x00000000d5580000)
  object space 34816K, 28% used [0x0000000080000000,0x000000008099a738,0x0000000082200000)
 Metaspace       used 22114K, capacity 22462K, committed 22704K, reserved 1069056K
  class space    used 2419K, capacity 2542K, committed 2560K, reserved 1048576K
}
Event: 20.212 GC heap before
{Heap before GC invocations=12 (full 1):
 PSYoungGen      total 163328K, used 162865K [0x00000000d5580000, 0x00000000e1f00000, 0x0000000100000000)
  eden space 160256K, 100% used [0x00000000d5580000,0x00000000df200000,0x00000000df200000)
  from space 3072K, 84% used [0x00000000e1c00000,0x00000000e1e8c730,0x00000000e1f00000)
  to   space 7168K, 0% used [0x00000000e1100000,0x00000000e1100000,0x00000000e1800000)
 ParOldGen       total 34816K, used 9833K [0x0000000080000000, 0x0000000082200000, 0x00000000d5580000)
  object space 34816K, 28% used [0x0000000080000000,0x000000008099a738,0x0000000082200000)
 Metaspace       used 30265K, capacity 31164K, committed 31360K, reserved 1077248K
  class space    used 3596K, capacity 3865K, committed 3968K, reserved 1048576K
Event: 20.535 GC heap after
Heap after GC invocations=12 (full 1):
 PSYoungGen      total 167424K, used 7158K [0x00000000d5580000, 0x00000000e1f00000, 0x0000000100000000)
  eden space 160256K, 0% used [0x00000000d5580000,0x00000000d5580000,0x00000000df200000)
  from space 7168K, 99% used [0x00000000e1100000,0x00000000e17fd990,0x00000000e1800000)
  to   space 3072K, 0% used [0x00000000e1c00000,0x00000000e1c00000,0x00000000e1f00000)
 ParOldGen       total 34816K, used 17030K [0x0000000080000000, 0x0000000082200000, 0x00000000d5580000)
  object space 34816K, 48% used [0x0000000080000000,0x00000000810a1ba8,0x0000000082200000)
 Metaspace       used 30265K, capacity 31164K, committed 31360K, reserved 1077248K
  class space    used 3596K, capacity 3865K, committed 3968K, reserved 1048576K
}

